<?xml version="1.0" encoding="UTF-8"?>
<testng-results skipped="0" failed="0" ignored="0" total="1" passed="1">
  <reporter-output>
  </reporter-output>
  <suite name="Default suite" duration-ms="6413" started-at="2022-07-06T16:07:37Z" finished-at="2022-07-06T16:07:43Z">
    <groups>
    </groups>
    <test name="Default test" duration-ms="6413" started-at="2022-07-06T16:07:37Z" finished-at="2022-07-06T16:07:43Z">
      <class name="test.AddCatagoryTest">
        <test-method status="PASS" signature="userShouldBeAbleToAddACatagory()[pri:0, instance:test.AddCatagoryTest@2ea6137]" name="userShouldBeAbleToAddACatagory" duration-ms="6368" started-at="2022-07-06T16:07:37Z" finished-at="2022-07-06T16:07:43Z">
          <reporter-output>
          </reporter-output>
        </test-method> <!-- userShouldBeAbleToAddACatagory -->
      </class> <!-- test.AddCatagoryTest -->
    </test> <!-- Default test -->
  </suite> <!-- Default suite -->
</testng-results>
